This is pdfTeX, Version 3.141592653-2.6-1.40.24 (TeX Live 2022) (preloaded format=pdflatex 2022.5.18)  19 MAY 2022 23:28
entering extended mode
 \write18 enabled.
 %&-line parsing enabled.
**/home/rstudio/MEGA/MEGAsync/NuevoRStudio2022/Rmarkdowns/Esqueleto/exercises/schoice/Aprendizajes/2022EPAC1/kio.tex
(/home/rstudio/MEGA/MEGAsync/NuevoRStudio2022/Rmarkdowns/Esqueleto/exercises/schoice/Aprendizajes/2022EPAC1/kio.tex
LaTeX2e <2021-11-15> patch level 1
L3 programming layer <2022-05-04>

! LaTeX Error: Environment tikzpicture undefined.

See the LaTeX manual or LaTeX Companion for explanation.
Type  H <return>  for immediate help.
 ...                                              
                                                  
l.2 \begin{tikzpicture}
                        
Here is how much of TeX's memory you used:
 18 strings out of 480242
 828 string characters out of 5893369
 284984 words of memory out of 5000000
 18046 multiletter control sequences out of 15000+600000
 469259 words of font info for 28 fonts, out of 8000000 for 9000
 14 hyphenation exceptions out of 8191
 13i,0n,12p,195b,16s stack positions out of 10000i,1000n,20000p,200000b,200000s

!  ==> Fatal error occurred, no output PDF file produced!
